[2024-11-03 19:19:16] Starting data collection script
[2024-11-03 19:19:16] Attempting to fetch data from FPL API
[2024-11-03 19:19:16] Successfully fetched data from FPL API
[2024-11-03 19:19:16] Database and table created (if not existing)
[2024-11-03 19:19:16] Inserted data for player Fábio Vieira with timestamp 2024-11-03 19:19:16
[2024-11-03 19:19:16] Inserted data for player G.Jesus with timestamp 2024-11-03 19:19:16
[2024-11-03 19:19:16] Inserted data for player Gabriel with timestamp 2024-11-03 19:19:16
[2024-11-03 19:19:16] Inserted data for player Havertz with timestamp 2024-11-03 19:19:16
[2024-11-03 19:19:16] Inserted data for player Hein with timestamp 2024-11-03 19:19:16
[2024-11-03 19:19:16] Inserted data for player J.Timber with timestamp 2024-11-03 19:19:16
[2024-11-03 19:19:16] Inserted data for player Jorginho with timestamp 2024-11-03 19:19:16
[2024-11-03 19:19:16] Inserted data for player Kiwior with timestamp 2024-11-03 19:19:16
[2024-11-03 19:19:16] Inserted data for player Martinelli with timestamp 2024-11-03 19:19:16
[2024-11-03 19:19:16] Inserted data for player Nwaneri with timestamp 2024-11-03 19:19:16
[2024-11-03 19:19:16] Inserted data for player Ødegaard with timestamp 2024-11-03 19:19:16
[2024-11-03 19:19:16] Inserted data for player Raya with timestamp 2024-11-03 19:19:16
[2024-11-03 19:19:16] Inserted data for player Rice with timestamp 2024-11-03 19:19:16
[2024-11-03 19:19:16] Inserted data for player Saka with timestamp 2024-11-03 19:19:16
[2024-11-03 19:19:16] Inserted data for player Saliba with timestamp 2024-11-03 19:19:16
[2024-11-03 19:19:16] Inserted data for player Thomas with timestamp 2024-11-03 19:19:16
[2024-11-03 19:19:16] Inserted data for player Tierney with timestamp 2024-11-03 19:19:16
[2024-11-03 19:19:16] Inserted data for player Tomiyasu with timestamp 2024-11-03 19:19:16
[2024-11-03 19:19:16] Inserted data for player Trossard with timestamp 2024-11-03 19:19:16
[2024-11-03 19:19:16] Inserted data for player White with timestamp 2024-11-03 19:19:16
[2024-11-03 19:19:16] Inserted data for player Zinchenko with timestamp 2024-11-03 19:19:16
[2024-11-03 19:19:16] Inserted data for player Neto with timestamp 2024-11-03 19:19:16
[2024-11-03 19:19:16] Inserted data for player Sterling with timestamp 2024-11-03 19:19:16
[2024-11-03 19:19:16] Inserted data for player Calafiori with timestamp 2024-11-03 19:19:16
[2024-11-03 19:19:16] Inserted data for player Lewis-Skelly with timestamp 2024-11-03 19:19:16
[2024-11-03 19:19:16] Inserted data for player Merino with timestamp 2024-11-03 19:19:16
[2024-11-03 19:19:16] Inserted data for player Oulad M'hand with timestamp 2024-11-03 19:19:16
[2024-11-03 19:19:16] Inserted data for player Setford with timestamp 2024-11-03 19:19:16
[2024-11-03 19:19:16] Inserted data for player Kacurri with timestamp 2024-11-03 19:19:16
[2024-11-03 19:19:16] Inserted data for player Heaven with timestamp 2024-11-03 19:19:16
[2024-11-03 19:19:16] Inserted data for player Kabia with timestamp 2024-11-03 19:19:16
[2024-11-03 19:19:16] Inserted data for player Nichols with timestamp 2024-11-03 19:19:16
[2024-11-03 19:19:16] Inserted data for player Butler-Oyedeji with timestamp 2024-11-03 19:19:16
[2024-11-03 19:19:16] Inserted data for player Bailey with timestamp 2024-11-03 19:19:16
[2024-11-03 19:19:16] Inserted data for player Barkley with timestamp 2024-11-03 19:19:16
[2024-11-03 19:19:16] Inserted data for player Barrenechea with timestamp 2024-11-03 19:19:16
[2024-11-03 19:19:16] Inserted data for player Buendia with timestamp 2024-11-03 19:19:16
[2024-11-03 19:19:16] Inserted data for player Cash with timestamp 2024-11-03 19:19:16
[2024-11-03 19:19:16] Inserted data for player Dendoncker with timestamp 2024-11-03 19:19:16
[2024-11-03 19:19:16] Inserted data for player Diaby with timestamp 2024-11-03 19:19:16
[2024-11-03 19:19:16] Inserted data for player Diego Carlos with timestamp 2024-11-03 19:19:16
[2024-11-03 19:19:16] Inserted data for player Digne with timestamp 2024-11-03 19:19:16
[2024-11-03 19:19:16] Inserted data for player Dobbin with timestamp 2024-11-03 19:19:16
[2024-11-03 19:19:16] Inserted data for player Duran with timestamp 2024-11-03 19:19:16
[2024-11-03 19:19:16] Inserted data for player Gauci with timestamp 2024-11-03 19:19:16
[2024-11-03 19:19:16] Inserted data for player Hause with timestamp 2024-11-03 19:19:16
[2024-11-03 19:19:16] Inserted data for player Iling Jr with timestamp 2024-11-03 19:19:16
[2024-11-03 19:19:16] Inserted data for player Kamara with timestamp 2024-11-03 19:19:16
[2024-11-03 19:19:16] Inserted data for player Kesler-Hayden with timestamp 2024-11-03 19:19:16
[2024-11-03 19:19:16] Inserted data for player Konsa with timestamp 2024-11-03 19:19:16
[2024-11-03 19:19:16] Inserted data for player Maatsen with timestamp 2024-11-03 19:19:16
[2024-11-03 19:19:16] Inserted data for player Marschall with timestamp 2024-11-03 19:19:16
[2024-11-03 19:19:16] Inserted data for player Martinez with timestamp 2024-11-03 19:19:16
[2024-11-03 19:19:16] Inserted data for player McGinn with timestamp 2024-11-03 19:19:16
[2024-11-03 19:19:16] Inserted data for player Mings with timestamp 2024-11-03 19:19:16
[2024-11-03 19:19:16] Inserted data for player Nedeljkovic with timestamp 2024-11-03 19:19:16
[2024-11-03 19:19:16] Inserted data for player Olsen with timestamp 2024-11-03 19:19:16
[2024-11-03 19:19:16] Inserted data for player Pau with timestamp 2024-11-03 19:19:16
[2024-11-03 19:19:16] Inserted data for player Ramsey with timestamp 2024-11-03 19:19:16
[2024-11-03 19:19:16] Inserted data for player Rogers with timestamp 2024-11-03 19:19:16
[2024-11-03 19:19:16] Inserted data for player Sinisalo with timestamp 2024-11-03 19:19:16
[2024-11-03 19:19:16] Inserted data for player Sousa with timestamp 2024-11-03 19:19:16
[2024-11-03 19:19:16] Inserted data for player Tielemans with timestamp 2024-11-03 19:19:16
[2024-11-03 19:19:16] Inserted data for player Watkins with timestamp 2024-11-03 19:19:16
[2024-11-03 19:19:16] Inserted data for player Onana with timestamp 2024-11-03 19:19:16
[2024-11-03 19:19:16] Inserted data for player Jaden with timestamp 2024-11-03 19:19:16
[2024-11-03 19:19:16] Inserted data for player Bogarde with timestamp 2024-11-03 19:19:16
[2024-11-03 19:19:16] Inserted data for player Swinkels with timestamp 2024-11-03 19:19:16
[2024-11-03 19:19:16] Inserted data for player Zych with timestamp 2024-11-03 19:19:16
[2024-11-03 19:19:16] Inserted data for player Young with timestamp 2024-11-03 19:19:16
[2024-11-03 19:19:16] Inserted data for player Aarons with timestamp 2024-11-03 19:19:16
[2024-11-03 19:19:16] Inserted data for player Adams with timestamp 2024-11-03 19:19:16
[2024-11-03 19:19:16] Inserted data for player Anthony with timestamp 2024-11-03 19:19:16
[2024-11-03 19:19:16] Inserted data for player Brooks with timestamp 2024-11-03 19:19:16
[2024-11-03 19:19:16] Inserted data for player Christie with timestamp 2024-11-03 19:19:16
[2024-11-03 19:19:16] Inserted data for player Cook with timestamp 2024-11-03 19:19:16
[2024-11-03 19:19:16] Inserted data for player Enes Ünal with timestamp 2024-11-03 19:19:16
[2024-11-03 19:19:16] Inserted data for player Faivre with timestamp 2024-11-03 19:19:16
[2024-11-03 19:19:16] Inserted data for player H.Traorè with timestamp 2024-11-03 19:19:16
[2024-11-03 19:19:16] Inserted data for player Hill with timestamp 2024-11-03 19:19:16
[2024-11-03 19:19:16] Inserted data for player Jebbison with timestamp 2024-11-03 19:19:16
[2024-11-03 19:19:16] Inserted data for player Kerkez with timestamp 2024-11-03 19:19:16
[2024-11-03 19:19:16] Inserted data for player Kluivert with timestamp 2024-11-03 19:19:16
[2024-11-03 19:19:16] Inserted data for player Mepham with timestamp 2024-11-03 19:19:16
[2024-11-03 19:19:16] Inserted data for player O.Dango with timestamp 2024-11-03 19:19:16
[2024-11-03 19:19:16] Inserted data for player Paulsen with timestamp 2024-11-03 19:19:16
[2024-11-03 19:19:16] Inserted data for player Philip with timestamp 2024-11-03 19:19:16
[2024-11-03 19:19:16] Inserted data for player Scott with timestamp 2024-11-03 19:19:16
[2024-11-03 19:19:16] Inserted data for player Semenyo with timestamp 2024-11-03 19:19:16
[2024-11-03 19:19:16] Inserted data for player Senesi with timestamp 2024-11-03 19:19:16
[2024-11-03 19:19:16] Inserted data for player Sinisterra with timestamp 2024-11-03 19:19:16
[2024-11-03 19:19:16] Inserted data for player Smith with timestamp 2024-11-03 19:19:16
[2024-11-03 19:19:16] Inserted data for player Tavernier with timestamp 2024-11-03 19:19:16
[2024-11-03 19:19:16] Inserted data for player Travers with timestamp 2024-11-03 19:19:16
[2024-11-03 19:19:16] Inserted data for player Zabarnyi with timestamp 2024-11-03 19:19:16
[2024-11-03 19:19:16] Inserted data for player Arrizabalaga with timestamp 2024-11-03 19:19:16
[2024-11-03 19:19:16] Inserted data for player Huijsen with timestamp 2024-11-03 19:19:16
[2024-11-03 19:19:16] Inserted data for player J.Araujo with timestamp 2024-11-03 19:19:16
[2024-11-03 19:19:16] Inserted data for player Dennis with timestamp 2024-11-03 19:19:16
[2024-11-03 19:19:16] Inserted data for player Evanilson with timestamp 2024-11-03 19:19:16
[2024-11-03 19:19:16] Inserted data for player Ajer with timestamp 2024-11-03 19:19:16
[2024-11-03 19:19:16] Inserted data for player Brierley with timestamp 2024-11-03 19:19:16
[2024-11-03 19:19:16] Inserted data for player Collins with timestamp 2024-11-03 19:19:16
[2024-11-03 19:19:16] Inserted data for player Damsgaard with timestamp 2024-11-03 19:19:16
[2024-11-03 19:19:16] Inserted data for player Dasilva with timestamp 2024-11-03 19:19:16
[2024-11-03 19:19:16] Inserted data for player Flekken with timestamp 2024-11-03 19:19:16
[2024-11-03 19:19:16] Inserted data for player Henry with timestamp 2024-11-03 19:19:16
[2024-11-03 19:19:16] Inserted data for player Hickey with timestamp 2024-11-03 19:19:16
[2024-11-03 19:19:16] Inserted data for player Janelt with timestamp 2024-11-03 19:19:16
[2024-11-03 19:19:16] Inserted data for player Jensen with timestamp 2024-11-03 19:19:16
[2024-11-03 19:19:16] Inserted data for player Ji-soo with timestamp 2024-11-03 19:19:16
[2024-11-03 19:19:16] Inserted data for player Konak with timestamp 2024-11-03 19:19:16
[2024-11-03 19:19:16] Inserted data for player Lewis-Potter with timestamp 2024-11-03 19:19:16
[2024-11-03 19:19:16] Inserted data for player Mbeumo with timestamp 2024-11-03 19:19:16
[2024-11-03 19:19:16] Inserted data for player Mee with timestamp 2024-11-03 19:19:16
[2024-11-03 19:19:16] Inserted data for player Nørgaard with timestamp 2024-11-03 19:19:16
[2024-11-03 19:19:16] Inserted data for player Onyeka with timestamp 2024-11-03 19:19:16
[2024-11-03 19:19:16] Inserted data for player Peart-Harris with timestamp 2024-11-03 19:19:16
[2024-11-03 19:19:16] Inserted data for player Pinnock with timestamp 2024-11-03 19:19:16
[2024-11-03 19:19:16] Inserted data for player Roerslev with timestamp 2024-11-03 19:19:16
[2024-11-03 19:19:16] Inserted data for player Schade with timestamp 2024-11-03 19:19:16
[2024-11-03 19:19:16] Inserted data for player Thiago with timestamp 2024-11-03 19:19:16
[2024-11-03 19:19:16] Inserted data for player Toney with timestamp 2024-11-03 19:19:16
[2024-11-03 19:19:16] Inserted data for player Valdimarsson with timestamp 2024-11-03 19:19:16
[2024-11-03 19:19:16] Inserted data for player Wissa with timestamp 2024-11-03 19:19:16
[2024-11-03 19:19:16] Inserted data for player Yarmoliuk with timestamp 2024-11-03 19:19:16
[2024-11-03 19:19:16] Inserted data for player Zanka with timestamp 2024-11-03 19:19:16
[2024-11-03 19:19:16] Inserted data for player Carvalho with timestamp 2024-11-03 19:19:16
[2024-11-03 19:19:16] Inserted data for player Van den Berg with timestamp 2024-11-03 19:19:16
[2024-11-03 19:19:16] Inserted data for player Trevitt with timestamp 2024-11-03 19:19:16
[2024-11-03 19:19:16] Inserted data for player G.Nunes with timestamp 2024-11-03 19:19:16
[2024-11-03 19:19:16] Inserted data for player Meghoma with timestamp 2024-11-03 19:19:16
[2024-11-03 19:19:16] Inserted data for player Yogane with timestamp 2024-11-03 19:19:16
[2024-11-03 19:19:16] Inserted data for player Adingra with timestamp 2024-11-03 19:19:16
[2024-11-03 19:19:16] Inserted data for player Baker-Boaitey with timestamp 2024-11-03 19:19:16
[2024-11-03 19:19:16] Inserted data for player Baleba with timestamp 2024-11-03 19:19:16
[2024-11-03 19:19:16] Inserted data for player Barco with timestamp 2024-11-03 19:19:16
[2024-11-03 19:19:16] Inserted data for player Cozier-Duberry with timestamp 2024-11-03 19:19:16
[2024-11-03 19:19:16] Inserted data for player Dahoud with timestamp 2024-11-03 19:19:16
[2024-11-03 19:19:16] Inserted data for player Dunk with timestamp 2024-11-03 19:19:16
[2024-11-03 19:19:16] Inserted data for player Enciso with timestamp 2024-11-03 19:19:16
[2024-11-03 19:19:16] Inserted data for player Estupiñan with timestamp 2024-11-03 19:19:16
[2024-11-03 19:19:16] Inserted data for player Ferguson with timestamp 2024-11-03 19:19:16
[2024-11-03 19:19:16] Inserted data for player Gilmour with timestamp 2024-11-03 19:19:16
[2024-11-03 19:19:16] Inserted data for player Gross with timestamp 2024-11-03 19:19:16
[2024-11-03 19:19:16] Inserted data for player Hinshelwood with timestamp 2024-11-03 19:19:16
[2024-11-03 19:19:16] Inserted data for player I.Osman with timestamp 2024-11-03 19:19:16
[2024-11-03 19:19:16] Inserted data for player Igor with timestamp 2024-11-03 19:19:16
[2024-11-03 19:19:16] Inserted data for player João Pedro with timestamp 2024-11-03 19:19:16
[2024-11-03 19:19:16] Inserted data for player Kozlowski with timestamp 2024-11-03 19:19:16
[2024-11-03 19:19:16] Inserted data for player Lamptey with timestamp 2024-11-03 19:19:16
[2024-11-03 19:19:16] Inserted data for player March with timestamp 2024-11-03 19:19:16
[2024-11-03 19:19:16] Inserted data for player Mazilu with timestamp 2024-11-03 19:19:16
[2024-11-03 19:19:16] Inserted data for player Milner with timestamp 2024-11-03 19:19:16
[2024-11-03 19:19:16] Inserted data for player Minteh with timestamp 2024-11-03 19:19:16
[2024-11-03 19:19:16] Inserted data for player Mitoma with timestamp 2024-11-03 19:19:16
[2024-11-03 19:19:16] Inserted data for player Moder with timestamp 2024-11-03 19:19:16
[2024-11-03 19:19:16] Inserted data for player O’Mahony with timestamp 2024-11-03 19:19:16
[2024-11-03 19:19:16] Inserted data for player Offiah with timestamp 2024-11-03 19:19:16
[2024-11-03 19:19:16] Inserted data for player Peupion with timestamp 2024-11-03 19:19:16
[2024-11-03 19:19:16] Inserted data for player Sarmiento with timestamp 2024-11-03 19:19:16
[2024-11-03 19:19:16] Inserted data for player Steele with timestamp 2024-11-03 19:19:16
[2024-11-03 19:19:16] Inserted data for player Undav with timestamp 2024-11-03 19:19:16
[2024-11-03 19:19:16] Inserted data for player Van Hecke with timestamp 2024-11-03 19:19:16
[2024-11-03 19:19:16] Inserted data for player Veltman with timestamp 2024-11-03 19:19:16
[2024-11-03 19:19:16] Inserted data for player Verbruggen with timestamp 2024-11-03 19:19:16
[2024-11-03 19:19:16] Inserted data for player Webster with timestamp 2024-11-03 19:19:16
[2024-11-03 19:19:16] Inserted data for player Welbeck with timestamp 2024-11-03 19:19:16
[2024-11-03 19:19:16] Inserted data for player Wieffer with timestamp 2024-11-03 19:19:16
[2024-11-03 19:19:16] Inserted data for player Gruda with timestamp 2024-11-03 19:19:16
[2024-11-03 19:19:16] Inserted data for player Ayari with timestamp 2024-11-03 19:19:16
[2024-11-03 19:19:16] Inserted data for player Moran with timestamp 2024-11-03 19:19:16
[2024-11-03 19:19:16] Inserted data for player Rushworth with timestamp 2024-11-03 19:19:16
[2024-11-03 19:19:16] Inserted data for player Georginio with timestamp 2024-11-03 19:19:16
[2024-11-03 19:19:16] Inserted data for player F.Kadıoğlu with timestamp 2024-11-03 19:19:16
[2024-11-03 19:19:16] Inserted data for player O'Riley with timestamp 2024-11-03 19:19:16
[2024-11-03 19:19:16] Inserted data for player Samuels with timestamp 2024-11-03 19:19:16
[2024-11-03 19:19:16] Inserted data for player Cahill with timestamp 2024-11-03 19:19:16
[2024-11-03 19:19:16] Inserted data for player Andrey Santos with timestamp 2024-11-03 19:19:16
[2024-11-03 19:19:16] Inserted data for player Ângelo with timestamp 2024-11-03 19:19:16
[2024-11-03 19:19:16] Inserted data for player B.Badiashile with timestamp 2024-11-03 19:19:16
[2024-11-03 19:19:16] Inserted data for player Bergström with timestamp 2024-11-03 19:19:16
[2024-11-03 19:19:16] Inserted data for player Bettinelli with timestamp 2024-11-03 19:19:16
[2024-11-03 19:19:16] Inserted data for player Caicedo with timestamp 2024-11-03 19:19:16
[2024-11-03 19:19:16] Inserted data for player Casadei with timestamp 2024-11-03 19:19:16
[2024-11-03 19:19:16] Inserted data for player Chilwell with timestamp 2024-11-03 19:19:16
[2024-11-03 19:19:16] Inserted data for player Chukwuemeka with timestamp 2024-11-03 19:19:16
[2024-11-03 19:19:16] Inserted data for player Colwill with timestamp 2024-11-03 19:19:16
[2024-11-03 19:19:16] Inserted data for player Cucurella with timestamp 2024-11-03 19:19:16
[2024-11-03 19:19:16] Inserted data for player D.D.Fofana with timestamp 2024-11-03 19:19:16
[2024-11-03 19:19:16] Inserted data for player Deivid with timestamp 2024-11-03 19:19:16
[2024-11-03 19:19:16] Inserted data for player Dewsbury-Hall with timestamp 2024-11-03 19:19:16
[2024-11-03 19:19:16] Inserted data for player Disasi with timestamp 2024-11-03 19:19:16
[2024-11-03 19:19:16] Inserted data for player Enzo with timestamp 2024-11-03 19:19:16
[2024-11-03 19:19:16] Inserted data for player Gallagher with timestamp 2024-11-03 19:19:16
[2024-11-03 19:19:16] Inserted data for player Gilchrist with timestamp 2024-11-03 19:19:16
[2024-11-03 19:19:16] Inserted data for player Gusto with timestamp 2024-11-03 19:19:16
[2024-11-03 19:19:16] Inserted data for player James with timestamp 2024-11-03 19:19:16
[2024-11-03 19:19:16] Inserted data for player Kellyman with timestamp 2024-11-03 19:19:16
[2024-11-03 19:19:16] Inserted data for player Lavia with timestamp 2024-11-03 19:19:16
[2024-11-03 19:19:16] Inserted data for player Lukaku with timestamp 2024-11-03 19:19:16
[2024-11-03 19:19:16] Inserted data for player M.Sarr with timestamp 2024-11-03 19:19:16
[2024-11-03 19:19:16] Inserted data for player Madueke with timestamp 2024-11-03 19:19:16
[2024-11-03 19:19:16] Inserted data for player Marc Guiu with timestamp 2024-11-03 19:19:16
[2024-11-03 19:19:16] Inserted data for player Mudryk with timestamp 2024-11-03 19:19:16
[2024-11-03 19:19:16] Inserted data for player N.Jackson with timestamp 2024-11-03 19:19:16
[2024-11-03 19:19:16] Inserted data for player Nkunku with timestamp 2024-11-03 19:19:16
[2024-11-03 19:19:16] Inserted data for player Palmer with timestamp 2024-11-03 19:19:16
[2024-11-03 19:19:16] Inserted data for player Petrović with timestamp 2024-11-03 19:19:16
[2024-11-03 19:19:16] Inserted data for player Renato Veiga with timestamp 2024-11-03 19:19:16
[2024-11-03 19:19:16] Inserted data for player Sánchez with timestamp 2024-11-03 19:19:16
[2024-11-03 19:19:16] Inserted data for player Tosin with timestamp 2024-11-03 19:19:16
[2024-11-03 19:19:16] Inserted data for player W.Fofana with timestamp 2024-11-03 19:19:16
[2024-11-03 19:19:16] Inserted data for player Sancho with timestamp 2024-11-03 19:19:16
[2024-11-03 19:19:16] Inserted data for player Neto with timestamp 2024-11-03 19:19:16
[2024-11-03 19:19:16] Inserted data for player Wiley with timestamp 2024-11-03 19:19:16
[2024-11-03 19:19:16] Inserted data for player Jørgensen with timestamp 2024-11-03 19:19:16
[2024-11-03 19:19:16] Inserted data for player João Félix with timestamp 2024-11-03 19:19:16
[2024-11-03 19:19:16] Inserted data for player Nketiah with timestamp 2024-11-03 19:19:16
[2024-11-03 19:19:16] Inserted data for player Chalobah with timestamp 2024-11-03 19:19:16
[2024-11-03 19:19:16] Inserted data for player Ahamada with timestamp 2024-11-03 19:19:16
[2024-11-03 19:19:16] Inserted data for player C.Doucouré with timestamp 2024-11-03 19:19:16
[2024-11-03 19:19:16] Inserted data for player C.Richards with timestamp 2024-11-03 19:19:16
[2024-11-03 19:19:16] Inserted data for player Chadi Riad with timestamp 2024-11-03 19:19:16
[2024-11-03 19:19:16] Inserted data for player Clyne with timestamp 2024-11-03 19:19:16
[2024-11-03 19:19:16] Inserted data for player Ebiowei with timestamp 2024-11-03 19:19:16
[2024-11-03 19:19:16] Inserted data for player Eze with timestamp 2024-11-03 19:19:16
[2024-11-03 19:19:16] Inserted data for player Guéhi with timestamp 2024-11-03 19:19:16
[2024-11-03 19:19:16] Inserted data for player Henderson with timestamp 2024-11-03 19:19:16
[2024-11-03 19:19:16] Inserted data for player Holding with timestamp 2024-11-03 19:19:16
[2024-11-03 19:19:16] Inserted data for player Hughes with timestamp 2024-11-03 19:19:16
[2024-11-03 19:19:16] Inserted data for player Kamada with timestamp 2024-11-03 19:19:16
[2024-11-03 19:19:16] Inserted data for player Lerma with timestamp 2024-11-03 19:19:16
[2024-11-03 19:19:16] Inserted data for player Mateta with timestamp 2024-11-03 19:19:16
[2024-11-03 19:19:16] Inserted data for player M.França with timestamp 2024-11-03 19:19:16
[2024-11-03 19:19:16] Inserted data for player Matthews with timestamp 2024-11-03 19:19:16
[2024-11-03 19:19:16] Inserted data for player Mitchell with timestamp 2024-11-03 19:19:16
[2024-11-03 19:19:16] Inserted data for player Muñoz with timestamp 2024-11-03 19:19:16
[2024-11-03 19:19:16] Inserted data for player Ozoh with timestamp 2024-11-03 19:19:16
[2024-11-03 19:19:16] Inserted data for player Rak-Sakyi with timestamp 2024-11-03 19:19:16
[2024-11-03 19:19:16] Inserted data for player Schlupp with timestamp 2024-11-03 19:19:16
[2024-11-03 19:19:16] Inserted data for player Ward with timestamp 2024-11-03 19:19:16
[2024-11-03 19:19:16] Inserted data for player Wharton with timestamp 2024-11-03 19:19:16
[2024-11-03 19:19:16] Inserted data for player Turner with timestamp 2024-11-03 19:19:16
[2024-11-03 19:19:16] Inserted data for player I.Sarr with timestamp 2024-11-03 19:19:16
[2024-11-03 19:19:16] Inserted data for player Umeh-Chibueze with timestamp 2024-11-03 19:19:16
[2024-11-03 19:19:16] Inserted data for player Devenny with timestamp 2024-11-03 19:19:16
[2024-11-03 19:19:16] Inserted data for player Agbinone with timestamp 2024-11-03 19:19:16
[2024-11-03 19:19:16] Inserted data for player Rodney with timestamp 2024-11-03 19:19:16
[2024-11-03 19:19:16] Inserted data for player Lacroix with timestamp 2024-11-03 19:19:16
[2024-11-03 19:19:16] Inserted data for player Kporha with timestamp 2024-11-03 19:19:16
[2024-11-03 19:19:16] Inserted data for player Broja with timestamp 2024-11-03 19:19:16
[2024-11-03 19:19:16] Inserted data for player A.Doucoure with timestamp 2024-11-03 19:19:16
[2024-11-03 19:19:16] Inserted data for player Beto with timestamp 2024-11-03 19:19:16
[2024-11-03 19:19:16] Inserted data for player Branthwaite with timestamp 2024-11-03 19:19:16
[2024-11-03 19:19:16] Inserted data for player Calvert-Lewin with timestamp 2024-11-03 19:19:16
[2024-11-03 19:19:16] Inserted data for player Coleman with timestamp 2024-11-03 19:19:16
[2024-11-03 19:19:16] Inserted data for player Gana with timestamp 2024-11-03 19:19:16
[2024-11-03 19:19:16] Inserted data for player Garner with timestamp 2024-11-03 19:19:16
[2024-11-03 19:19:16] Inserted data for player Harrison with timestamp 2024-11-03 19:19:16
[2024-11-03 19:19:16] Inserted data for player Holgate with timestamp 2024-11-03 19:19:16
[2024-11-03 19:19:16] Inserted data for player Iroegbunam with timestamp 2024-11-03 19:19:16
[2024-11-03 19:19:16] Inserted data for player J.Virginia with timestamp 2024-11-03 19:19:16
[2024-11-03 19:19:16] Inserted data for player Keane with timestamp 2024-11-03 19:19:16
[2024-11-03 19:19:16] Inserted data for player Maupay with timestamp 2024-11-03 19:19:16
[2024-11-03 19:19:16] Inserted data for player McNeil with timestamp 2024-11-03 19:19:16
[2024-11-03 19:19:16] Inserted data for player Mykolenko with timestamp 2024-11-03 19:19:16
[2024-11-03 19:19:16] Inserted data for player Ndiaye with timestamp 2024-11-03 19:19:16
[2024-11-03 19:19:16] Inserted data for player Patterson with timestamp 2024-11-03 19:19:16
[2024-11-03 19:19:16] Inserted data for player Pickford with timestamp 2024-11-03 19:19:16
[2024-11-03 19:19:16] Inserted data for player Tarkowski with timestamp 2024-11-03 19:19:16
[2024-11-03 19:19:16] Inserted data for player Y. Chermiti with timestamp 2024-11-03 19:19:16
[2024-11-03 19:19:16] Inserted data for player Young with timestamp 2024-11-03 19:19:16
[2024-11-03 19:19:16] Inserted data for player Lindstrøm with timestamp 2024-11-03 19:19:16
[2024-11-03 19:19:16] Inserted data for player O'Brien with timestamp 2024-11-03 19:19:16
[2024-11-03 19:19:16] Inserted data for player Armstrong with timestamp 2024-11-03 19:19:16
[2024-11-03 19:19:16] Inserted data for player Metcalfe with timestamp 2024-11-03 19:19:16
[2024-11-03 19:19:16] Inserted data for player Begovic with timestamp 2024-11-03 19:19:16
[2024-11-03 19:19:16] Inserted data for player Dixon with timestamp 2024-11-03 19:19:16
[2024-11-03 19:19:16] Inserted data for player Mangala with timestamp 2024-11-03 19:19:16
[2024-11-03 19:19:16] Inserted data for player Nelson with timestamp 2024-11-03 19:19:16
[2024-11-03 19:19:16] Inserted data for player Smith Rowe with timestamp 2024-11-03 19:19:16
[2024-11-03 19:19:16] Inserted data for player Andersen with timestamp 2024-11-03 19:19:16
[2024-11-03 19:19:16] Inserted data for player Adama with timestamp 2024-11-03 19:19:16
[2024-11-03 19:19:16] Inserted data for player Andreas with timestamp 2024-11-03 19:19:16
[2024-11-03 19:19:16] Inserted data for player Bassey with timestamp 2024-11-03 19:19:16
[2024-11-03 19:19:16] Inserted data for player Benda with timestamp 2024-11-03 19:19:16
[2024-11-03 19:19:16] Inserted data for player Cairney with timestamp 2024-11-03 19:19:16
[2024-11-03 19:19:16] Inserted data for player Castagne with timestamp 2024-11-03 19:19:16
[2024-11-03 19:19:16] Inserted data for player Diop with timestamp 2024-11-03 19:19:16
[2024-11-03 19:19:16] Inserted data for player Harris with timestamp 2024-11-03 19:19:16
[2024-11-03 19:19:16] Inserted data for player Iwobi with timestamp 2024-11-03 19:19:16
[2024-11-03 19:19:16] Inserted data for player Leno with timestamp 2024-11-03 19:19:16
[2024-11-03 19:19:16] Inserted data for player Lukić with timestamp 2024-11-03 19:19:16
[2024-11-03 19:19:16] Inserted data for player Mbabu with timestamp 2024-11-03 19:19:16
[2024-11-03 19:19:16] Inserted data for player Muniz with timestamp 2024-11-03 19:19:16
[2024-11-03 19:19:16] Inserted data for player Raúl with timestamp 2024-11-03 19:19:16
[2024-11-03 19:19:16] Inserted data for player Ream with timestamp 2024-11-03 19:19:16
[2024-11-03 19:19:16] Inserted data for player Reed with timestamp 2024-11-03 19:19:16
[2024-11-03 19:19:16] Inserted data for player Robinson with timestamp 2024-11-03 19:19:16
[2024-11-03 19:19:16] Inserted data for player Stansfield with timestamp 2024-11-03 19:19:16
[2024-11-03 19:19:16] Inserted data for player Tete with timestamp 2024-11-03 19:19:16
[2024-11-03 19:19:16] Inserted data for player Vinicius with timestamp 2024-11-03 19:19:16
[2024-11-03 19:19:16] Inserted data for player Wilson with timestamp 2024-11-03 19:19:16
[2024-11-03 19:19:16] Inserted data for player Sessegnon with timestamp 2024-11-03 19:19:16
[2024-11-03 19:19:16] Inserted data for player J.Cuenca with timestamp 2024-11-03 19:19:16
[2024-11-03 19:19:16] Inserted data for player King with timestamp 2024-11-03 19:19:16
[2024-11-03 19:19:16] Inserted data for player Godo with timestamp 2024-11-03 19:19:16
[2024-11-03 19:19:16] Inserted data for player Berge with timestamp 2024-11-03 19:19:16
[2024-11-03 19:19:16] Inserted data for player Al-Hamadi with timestamp 2024-11-03 19:19:16
[2024-11-03 19:19:16] Inserted data for player Baggott with timestamp 2024-11-03 19:19:16
[2024-11-03 19:19:16] Inserted data for player Broadhead with timestamp 2024-11-03 19:19:16
[2024-11-03 19:19:16] Inserted data for player Burgess with timestamp 2024-11-03 19:19:16
[2024-11-03 19:19:16] Inserted data for player Burns with timestamp 2024-11-03 19:19:16
[2024-11-03 19:19:16] Inserted data for player Chaplin with timestamp 2024-11-03 19:19:16
[2024-11-03 19:19:16] Inserted data for player H.Clarke with timestamp 2024-11-03 19:19:16
[2024-11-03 19:19:16] Inserted data for player Davis with timestamp 2024-11-03 19:19:16
[2024-11-03 19:19:16] Inserted data for player Delap with timestamp 2024-11-03 19:19:16
[2024-11-03 19:19:16] Inserted data for player Edmundson with timestamp 2024-11-03 19:19:16
[2024-11-03 19:19:16] Inserted data for player Greaves with timestamp 2024-11-03 19:19:16
[2024-11-03 19:19:16] Inserted data for player Harness with timestamp 2024-11-03 19:19:16
[2024-11-03 19:19:16] Inserted data for player Hirst with timestamp 2024-11-03 19:19:16
[2024-11-03 19:19:16] Inserted data for player Humphreys with timestamp 2024-11-03 19:19:16
[2024-11-03 19:19:16] Inserted data for player Hutchinson with timestamp 2024-11-03 19:19:16
[2024-11-03 19:19:16] Inserted data for player Johnson with timestamp 2024-11-03 19:19:16
[2024-11-03 19:19:16] Inserted data for player Ladapo with timestamp 2024-11-03 19:19:16
[2024-11-03 19:19:16] Inserted data for player Luongo with timestamp 2024-11-03 19:19:16
[2024-11-03 19:19:16] Inserted data for player Morsy with timestamp 2024-11-03 19:19:16
[2024-11-03 19:19:16] Inserted data for player Ndaba with timestamp 2024-11-03 19:19:16
[2024-11-03 19:19:16] Inserted data for player Slicker with timestamp 2024-11-03 19:19:16
[2024-11-03 19:19:16] Inserted data for player Taylor with timestamp 2024-11-03 19:19:16
[2024-11-03 19:19:16] Inserted data for player Tuanzebe with timestamp 2024-11-03 19:19:16
[2024-11-03 19:19:16] Inserted data for player Walton with timestamp 2024-11-03 19:19:16
[2024-11-03 19:19:16] Inserted data for player Woolfenden with timestamp 2024-11-03 19:19:16
[2024-11-03 19:19:16] Inserted data for player Phillips with timestamp 2024-11-03 19:19:16
[2024-11-03 19:19:16] Inserted data for player Muric with timestamp 2024-11-03 19:19:16
[2024-11-03 19:19:16] Inserted data for player Townsend with timestamp 2024-11-03 19:19:16
[2024-11-03 19:19:16] Inserted data for player Szmodics with timestamp 2024-11-03 19:19:16
[2024-11-03 19:19:16] Inserted data for player Cajuste with timestamp 2024-11-03 19:19:16
[2024-11-03 19:19:16] Inserted data for player O'Shea with timestamp 2024-11-03 19:19:16
[2024-11-03 19:19:16] Inserted data for player J.Clarke with timestamp 2024-11-03 19:19:16
[2024-11-03 19:19:16] Inserted data for player Ogbene with timestamp 2024-11-03 19:19:16
[2024-11-03 19:19:16] Inserted data for player Buonanotte with timestamp 2024-11-03 19:19:16
[2024-11-03 19:19:16] Inserted data for player J.Ayew with timestamp 2024-11-03 19:19:16
[2024-11-03 19:19:16] Inserted data for player Edouard with timestamp 2024-11-03 19:19:16
[2024-11-03 19:19:16] Inserted data for player B.Soumaré with timestamp 2024-11-03 19:19:16
[2024-11-03 19:19:16] Inserted data for player Cannon with timestamp 2024-11-03 19:19:16
[2024-11-03 19:19:16] Inserted data for player Choudhury with timestamp 2024-11-03 19:19:16
[2024-11-03 19:19:16] Inserted data for player Coady with timestamp 2024-11-03 19:19:16
[2024-11-03 19:19:16] Inserted data for player Daka with timestamp 2024-11-03 19:19:16
[2024-11-03 19:19:16] Inserted data for player De Cordova-Reid with timestamp 2024-11-03 19:19:16
[2024-11-03 19:19:16] Inserted data for player Faes with timestamp 2024-11-03 19:19:16
[2024-11-03 19:19:16] Inserted data for player Golding with timestamp 2024-11-03 19:19:16
[2024-11-03 19:19:16] Inserted data for player Hermansen with timestamp 2024-11-03 19:19:16
[2024-11-03 19:19:16] Inserted data for player Iversen with timestamp 2024-11-03 19:19:16
[2024-11-03 19:19:16] Inserted data for player Justin with timestamp 2024-11-03 19:19:16
[2024-11-03 19:19:16] Inserted data for player Kristiansen with timestamp 2024-11-03 19:19:16
[2024-11-03 19:19:16] Inserted data for player Marcal with timestamp 2024-11-03 19:19:16
[2024-11-03 19:19:16] Inserted data for player Mavididi with timestamp 2024-11-03 19:19:16
[2024-11-03 19:19:16] Inserted data for player McAteer with timestamp 2024-11-03 19:19:16
[2024-11-03 19:19:16] Inserted data for player Ndidi with timestamp 2024-11-03 19:19:16
[2024-11-03 19:19:16] Inserted data for player Okoli with timestamp 2024-11-03 19:19:16
[2024-11-03 19:19:16] Inserted data for player Ricardo with timestamp 2024-11-03 19:19:16
[2024-11-03 19:19:16] Inserted data for player Souttar with timestamp 2024-11-03 19:19:16
[2024-11-03 19:19:16] Inserted data for player Stolarczyk with timestamp 2024-11-03 19:19:16
[2024-11-03 19:19:16] Inserted data for player Thomas with timestamp 2024-11-03 19:19:16
[2024-11-03 19:19:16] Inserted data for player Vardy with timestamp 2024-11-03 19:19:16
[2024-11-03 19:19:16] Inserted data for player Vestergaard with timestamp 2024-11-03 19:19:16
[2024-11-03 19:19:16] Inserted data for player Ward with timestamp 2024-11-03 19:19:16
[2024-11-03 19:19:16] Inserted data for player Winks with timestamp 2024-11-03 19:19:16
[2024-11-03 19:19:16] Inserted data for player Skipp with timestamp 2024-11-03 19:19:16
[2024-11-03 19:19:16] Inserted data for player A.Fatawu with timestamp 2024-11-03 19:19:16
[2024-11-03 19:19:16] Inserted data for player Alves with timestamp 2024-11-03 19:19:16
[2024-11-03 19:19:16] Inserted data for player Nelson with timestamp 2024-11-03 19:19:16
[2024-11-03 19:19:16] Inserted data for player El Khannouss with timestamp 2024-11-03 19:19:16
[2024-11-03 19:19:16] Inserted data for player A.Becker with timestamp 2024-11-03 19:19:16
[2024-11-03 19:19:16] Inserted data for player Alexander-Arnold with timestamp 2024-11-03 19:19:16
[2024-11-03 19:19:16] Inserted data for player Bajcetic with timestamp 2024-11-03 19:19:16
[2024-11-03 19:19:16] Inserted data for player Bradley with timestamp 2024-11-03 19:19:16
[2024-11-03 19:19:16] Inserted data for player Clark with timestamp 2024-11-03 19:19:16
[2024-11-03 19:19:16] Inserted data for player Darwin with timestamp 2024-11-03 19:19:16
[2024-11-03 19:19:16] Inserted data for player Diogo J. with timestamp 2024-11-03 19:19:16
[2024-11-03 19:19:16] Inserted data for player Doak with timestamp 2024-11-03 19:19:16
[2024-11-03 19:19:16] Inserted data for player Elliott with timestamp 2024-11-03 19:19:16
[2024-11-03 19:19:16] Inserted data for player Endo with timestamp 2024-11-03 19:19:16
[2024-11-03 19:19:16] Inserted data for player Gakpo with timestamp 2024-11-03 19:19:16
[2024-11-03 19:19:16] Inserted data for player Gomez with timestamp 2024-11-03 19:19:16
[2024-11-03 19:19:16] Inserted data for player Gravenberch with timestamp 2024-11-03 19:19:16
[2024-11-03 19:19:16] Inserted data for player Jones with timestamp 2024-11-03 19:19:16
[2024-11-03 19:19:16] Inserted data for player Kelleher with timestamp 2024-11-03 19:19:16
[2024-11-03 19:19:16] Inserted data for player Konaté with timestamp 2024-11-03 19:19:16
[2024-11-03 19:19:16] Inserted data for player Luis Díaz with timestamp 2024-11-03 19:19:16
[2024-11-03 19:19:16] Inserted data for player M.Salah with timestamp 2024-11-03 19:19:16
[2024-11-03 19:19:16] Inserted data for player Mac Allister with timestamp 2024-11-03 19:19:16
[2024-11-03 19:19:16] Inserted data for player McConnell with timestamp 2024-11-03 19:19:16
[2024-11-03 19:19:16] Inserted data for player Morton with timestamp 2024-11-03 19:19:16
[2024-11-03 19:19:16] Inserted data for player N.Phillips with timestamp 2024-11-03 19:19:16
[2024-11-03 19:19:16] Inserted data for player Quansah with timestamp 2024-11-03 19:19:16
[2024-11-03 19:19:16] Inserted data for player R.Williams with timestamp 2024-11-03 19:19:16
[2024-11-03 19:19:16] Inserted data for player Robertson with timestamp 2024-11-03 19:19:16
[2024-11-03 19:19:16] Inserted data for player Szoboszlai with timestamp 2024-11-03 19:19:16
[2024-11-03 19:19:16] Inserted data for player Tsimikas with timestamp 2024-11-03 19:19:16
[2024-11-03 19:19:16] Inserted data for player Virgil with timestamp 2024-11-03 19:19:16
[2024-11-03 19:19:16] Inserted data for player Chiesa with timestamp 2024-11-03 19:19:16
[2024-11-03 19:19:16] Inserted data for player Jaros with timestamp 2024-11-03 19:19:16
[2024-11-03 19:19:16] Inserted data for player Davies with timestamp 2024-11-03 19:19:16
[2024-11-03 19:19:16] Inserted data for player Akanji with timestamp 2024-11-03 19:19:16
[2024-11-03 19:19:16] Inserted data for player Aké with timestamp 2024-11-03 19:19:16
[2024-11-03 19:19:16] Inserted data for player Bernardo with timestamp 2024-11-03 19:19:16
[2024-11-03 19:19:16] Inserted data for player Bobb with timestamp 2024-11-03 19:19:16
[2024-11-03 19:19:16] Inserted data for player Carson with timestamp 2024-11-03 19:19:16
[2024-11-03 19:19:16] Inserted data for player De Bruyne with timestamp 2024-11-03 19:19:16
[2024-11-03 19:19:16] Inserted data for player Doku with timestamp 2024-11-03 19:19:16
[2024-11-03 19:19:16] Inserted data for player Ederson M. with timestamp 2024-11-03 19:19:16
[2024-11-03 19:19:16] Inserted data for player Foden with timestamp 2024-11-03 19:19:16
[2024-11-03 19:19:16] Inserted data for player Grealish with timestamp 2024-11-03 19:19:16
[2024-11-03 19:19:16] Inserted data for player Gvardiol with timestamp 2024-11-03 19:19:16
[2024-11-03 19:19:16] Inserted data for player Haaland with timestamp 2024-11-03 19:19:16
[2024-11-03 19:19:16] Inserted data for player J.Alvarez with timestamp 2024-11-03 19:19:16
[2024-11-03 19:19:16] Inserted data for player João Cancelo with timestamp 2024-11-03 19:19:16
[2024-11-03 19:19:16] Inserted data for player Kovačić with timestamp 2024-11-03 19:19:16
[2024-11-03 19:19:16] Inserted data for player Lewis with timestamp 2024-11-03 19:19:16
[2024-11-03 19:19:16] Inserted data for player Matheus N. with timestamp 2024-11-03 19:19:16
[2024-11-03 19:19:16] Inserted data for player McAtee with timestamp 2024-11-03 19:19:16
[2024-11-03 19:19:16] Inserted data for player Ortega Moreno with timestamp 2024-11-03 19:19:16
[2024-11-03 19:19:16] Inserted data for player Rodrigo with timestamp 2024-11-03 19:19:16
[2024-11-03 19:19:16] Inserted data for player Rúben with timestamp 2024-11-03 19:19:16
[2024-11-03 19:19:16] Inserted data for player Stones with timestamp 2024-11-03 19:19:16
[2024-11-03 19:19:16] Inserted data for player Walker with timestamp 2024-11-03 19:19:16
[2024-11-03 19:19:16] Inserted data for player Sávio with timestamp 2024-11-03 19:19:16
[2024-11-03 19:19:16] Inserted data for player O’Reilly with timestamp 2024-11-03 19:19:16
[2024-11-03 19:19:16] Inserted data for player Gündogan with timestamp 2024-11-03 19:19:16
[2024-11-03 19:19:16] Inserted data for player Kaboré with timestamp 2024-11-03 19:19:16
[2024-11-03 19:19:16] Inserted data for player Wright with timestamp 2024-11-03 19:19:16
[2024-11-03 19:19:16] Inserted data for player Simpson-Pusey with timestamp 2024-11-03 19:19:16
[2024-11-03 19:19:16] Inserted data for player Amad with timestamp 2024-11-03 19:19:16
[2024-11-03 19:19:16] Inserted data for player Antony with timestamp 2024-11-03 19:19:16
[2024-11-03 19:19:16] Inserted data for player B.Fernandes with timestamp 2024-11-03 19:19:16
[2024-11-03 19:19:16] Inserted data for player Bayindir with timestamp 2024-11-03 19:19:16
[2024-11-03 19:19:16] Inserted data for player Casemiro with timestamp 2024-11-03 19:19:16
[2024-11-03 19:19:16] Inserted data for player Dalot with timestamp 2024-11-03 19:19:16
[2024-11-03 19:19:16] Inserted data for player Eriksen with timestamp 2024-11-03 19:19:16
[2024-11-03 19:19:16] Inserted data for player Evans with timestamp 2024-11-03 19:19:16
[2024-11-03 19:19:16] Inserted data for player Garnacho with timestamp 2024-11-03 19:19:16
[2024-11-03 19:19:16] Inserted data for player Hannibal with timestamp 2024-11-03 19:19:16
[2024-11-03 19:19:16] Inserted data for player Heaton with timestamp 2024-11-03 19:19:16
[2024-11-03 19:19:16] Inserted data for player Højlund with timestamp 2024-11-03 19:19:16
[2024-11-03 19:19:16] Inserted data for player Lindelof with timestamp 2024-11-03 19:19:16
[2024-11-03 19:19:16] Inserted data for player Maguire with timestamp 2024-11-03 19:19:16
[2024-11-03 19:19:16] Inserted data for player Mainoo with timestamp 2024-11-03 19:19:16
[2024-11-03 19:19:16] Inserted data for player Malacia with timestamp 2024-11-03 19:19:16
[2024-11-03 19:19:16] Inserted data for player Martinez with timestamp 2024-11-03 19:19:16
[2024-11-03 19:19:16] Inserted data for player McTominay with timestamp 2024-11-03 19:19:16
[2024-11-03 19:19:16] Inserted data for player Mount with timestamp 2024-11-03 19:19:16
[2024-11-03 19:19:16] Inserted data for player Onana with timestamp 2024-11-03 19:19:16
[2024-11-03 19:19:16] Inserted data for player Pellistri with timestamp 2024-11-03 19:19:16
[2024-11-03 19:19:16] Inserted data for player Rashford with timestamp 2024-11-03 19:19:16
[2024-11-03 19:19:16] Inserted data for player Shaw with timestamp 2024-11-03 19:19:16
[2024-11-03 19:19:16] Inserted data for player Zirkzee with timestamp 2024-11-03 19:19:16
[2024-11-03 19:19:16] Inserted data for player Yoro with timestamp 2024-11-03 19:19:16
[2024-11-03 19:19:16] Inserted data for player De Ligt with timestamp 2024-11-03 19:19:16
[2024-11-03 19:19:16] Inserted data for player Mazraoui with timestamp 2024-11-03 19:19:16
[2024-11-03 19:19:16] Inserted data for player Collyer with timestamp 2024-11-03 19:19:16
[2024-11-03 19:19:16] Inserted data for player Wheatley with timestamp 2024-11-03 19:19:16
[2024-11-03 19:19:16] Inserted data for player Ugarte with timestamp 2024-11-03 19:19:16
[2024-11-03 19:19:16] Inserted data for player Fletcher with timestamp 2024-11-03 19:19:16
[2024-11-03 19:19:16] Inserted data for player Amass with timestamp 2024-11-03 19:19:16
[2024-11-03 19:19:16] Inserted data for player Fitzgerald with timestamp 2024-11-03 19:19:16
[2024-11-03 19:19:16] Inserted data for player A.Murphy with timestamp 2024-11-03 19:19:16
[2024-11-03 19:19:16] Inserted data for player Almirón with timestamp 2024-11-03 19:19:16
[2024-11-03 19:19:16] Inserted data for player Barnes with timestamp 2024-11-03 19:19:16
[2024-11-03 19:19:16] Inserted data for player Botman with timestamp 2024-11-03 19:19:16
[2024-11-03 19:19:16] Inserted data for player Bruno G. with timestamp 2024-11-03 19:19:16
[2024-11-03 19:19:16] Inserted data for player Burn with timestamp 2024-11-03 19:19:16
[2024-11-03 19:19:16] Inserted data for player Dúbravka with timestamp 2024-11-03 19:19:16
[2024-11-03 19:19:16] Inserted data for player Gordon with timestamp 2024-11-03 19:19:16
[2024-11-03 19:19:16] Inserted data for player Hall with timestamp 2024-11-03 19:19:16
[2024-11-03 19:19:16] Inserted data for player Hayden with timestamp 2024-11-03 19:19:16
[2024-11-03 19:19:16] Inserted data for player Isak with timestamp 2024-11-03 19:19:16
[2024-11-03 19:19:16] Inserted data for player J.Murphy with timestamp 2024-11-03 19:19:16
[2024-11-03 19:19:16] Inserted data for player Joelinton with timestamp 2024-11-03 19:19:16
[2024-11-03 19:19:16] Inserted data for player Kelly with timestamp 2024-11-03 19:19:16
[2024-11-03 19:19:16] Inserted data for player Krafth with timestamp 2024-11-03 19:19:16
[2024-11-03 19:19:16] Inserted data for player Kuol with timestamp 2024-11-03 19:19:16
[2024-11-03 19:19:16] Inserted data for player Lascelles with timestamp 2024-11-03 19:19:16
[2024-11-03 19:19:16] Inserted data for player Lewis with timestamp 2024-11-03 19:19:16
[2024-11-03 19:19:16] Inserted data for player Livramento with timestamp 2024-11-03 19:19:16
[2024-11-03 19:19:16] Inserted data for player Longstaff with timestamp 2024-11-03 19:19:16
[2024-11-03 19:19:16] Inserted data for player Miley with timestamp 2024-11-03 19:19:16
[2024-11-03 19:19:16] Inserted data for player Odysseas with timestamp 2024-11-03 19:19:16
[2024-11-03 19:19:16] Inserted data for player Pope with timestamp 2024-11-03 19:19:16
[2024-11-03 19:19:16] Inserted data for player Ruddy with timestamp 2024-11-03 19:19:16
[2024-11-03 19:19:16] Inserted data for player Schär with timestamp 2024-11-03 19:19:16
[2024-11-03 19:19:16] Inserted data for player Targett with timestamp 2024-11-03 19:19:16
[2024-11-03 19:19:16] Inserted data for player Tonali with timestamp 2024-11-03 19:19:16
[2024-11-03 19:19:16] Inserted data for player Trippier with timestamp 2024-11-03 19:19:16
[2024-11-03 19:19:16] Inserted data for player White with timestamp 2024-11-03 19:19:16
[2024-11-03 19:19:16] Inserted data for player Willock with timestamp 2024-11-03 19:19:16
[2024-11-03 19:19:16] Inserted data for player Wilson with timestamp 2024-11-03 19:19:16
[2024-11-03 19:19:16] Inserted data for player Pivas with timestamp 2024-11-03 19:19:16
[2024-11-03 19:19:16] Inserted data for player Osula with timestamp 2024-11-03 19:19:16
[2024-11-03 19:19:16] Inserted data for player Alex Moreno with timestamp 2024-11-03 19:19:16
[2024-11-03 19:19:16] Inserted data for player Aina with timestamp 2024-11-03 19:19:16
[2024-11-03 19:19:16] Inserted data for player Anderson with timestamp 2024-11-03 19:19:16
[2024-11-03 19:19:16] Inserted data for player Awoniyi with timestamp 2024-11-03 19:19:16
[2024-11-03 19:19:16] Inserted data for player Boly with timestamp 2024-11-03 19:19:16
[2024-11-03 19:19:16] Inserted data for player Bowler with timestamp 2024-11-03 19:19:16
[2024-11-03 19:19:16] Inserted data for player C.Miguel with timestamp 2024-11-03 19:19:16
[2024-11-03 19:19:16] Inserted data for player Da Silva Moreira with timestamp 2024-11-03 19:19:16
[2024-11-03 19:19:16] Inserted data for player Danilo with timestamp 2024-11-03 19:19:16
[2024-11-03 19:19:16] Inserted data for player Dennis with timestamp 2024-11-03 19:19:16
[2024-11-03 19:19:16] Inserted data for player Dominguez with timestamp 2024-11-03 19:19:16
[2024-11-03 19:19:16] Inserted data for player Elanga with timestamp 2024-11-03 19:19:16
[2024-11-03 19:19:16] Inserted data for player Gibbs-White with timestamp 2024-11-03 19:19:16
[2024-11-03 19:19:16] Inserted data for player Hudson-Odoi with timestamp 2024-11-03 19:19:16
[2024-11-03 19:19:16] Inserted data for player Mighten with timestamp 2024-11-03 19:19:16
[2024-11-03 19:19:16] Inserted data for player Murillo with timestamp 2024-11-03 19:19:16
[2024-11-03 19:19:16] Inserted data for player N.Williams with timestamp 2024-11-03 19:19:16
[2024-11-03 19:19:16] Inserted data for player O.Richards with timestamp 2024-11-03 19:19:16
[2024-11-03 19:19:16] Inserted data for player O'Brien with timestamp 2024-11-03 19:19:16
[2024-11-03 19:19:16] Inserted data for player Omobamidele with timestamp 2024-11-03 19:19:16
[2024-11-03 19:19:16] Inserted data for player Panzo with timestamp 2024-11-03 19:19:16
[2024-11-03 19:19:16] Inserted data for player Sangaré with timestamp 2024-11-03 19:19:16
[2024-11-03 19:19:16] Inserted data for player Sels with timestamp 2024-11-03 19:19:16
[2024-11-03 19:19:16] Inserted data for player Toffolo with timestamp 2024-11-03 19:19:16
[2024-11-03 19:19:16] Inserted data for player Ui-jo with timestamp 2024-11-03 19:19:16
[2024-11-03 19:19:16] Inserted data for player Wood with timestamp 2024-11-03 19:19:16
[2024-11-03 19:19:16] Inserted data for player Worrall with timestamp 2024-11-03 19:19:16
[2024-11-03 19:19:16] Inserted data for player Yates with timestamp 2024-11-03 19:19:16
[2024-11-03 19:19:16] Inserted data for player Ward-Prowse with timestamp 2024-11-03 19:19:16
[2024-11-03 19:19:16] Inserted data for player Milenković with timestamp 2024-11-03 19:19:16
[2024-11-03 19:19:16] Inserted data for player Jota Silva with timestamp 2024-11-03 19:19:16
[2024-11-03 19:19:16] Inserted data for player Sosa with timestamp 2024-11-03 19:19:16
[2024-11-03 19:19:16] Inserted data for player Morato with timestamp 2024-11-03 19:19:16
[2024-11-03 19:19:16] Inserted data for player Ramsdale with timestamp 2024-11-03 19:19:16
[2024-11-03 19:19:16] Inserted data for player Archer with timestamp 2024-11-03 19:19:16
[2024-11-03 19:19:16] Inserted data for player Ugochukwu with timestamp 2024-11-03 19:19:16
[2024-11-03 19:19:16] Inserted data for player Fraser with timestamp 2024-11-03 19:19:16
[2024-11-03 19:19:16] Inserted data for player Alcaraz with timestamp 2024-11-03 19:19:16
[2024-11-03 19:19:16] Inserted data for player Amo-Ameyaw with timestamp 2024-11-03 19:19:16
[2024-11-03 19:19:16] Inserted data for player Aribo with timestamp 2024-11-03 19:19:16
[2024-11-03 19:19:16] Inserted data for player Armstrong with timestamp 2024-11-03 19:19:16
[2024-11-03 19:19:16] Inserted data for player Bazunu with timestamp 2024-11-03 19:19:16
[2024-11-03 19:19:16] Inserted data for player Bednarek with timestamp 2024-11-03 19:19:16
[2024-11-03 19:19:16] Inserted data for player Bella-Kotchap with timestamp 2024-11-03 19:19:16
[2024-11-03 19:19:16] Inserted data for player Bree with timestamp 2024-11-03 19:19:16
[2024-11-03 19:19:16] Inserted data for player Charles with timestamp 2024-11-03 19:19:16
[2024-11-03 19:19:16] Inserted data for player Edozie with timestamp 2024-11-03 19:19:16
[2024-11-03 19:19:16] Inserted data for player Edwards with timestamp 2024-11-03 19:19:16
[2024-11-03 19:19:16] Inserted data for player Harwood-Bellis with timestamp 2024-11-03 19:19:16
[2024-11-03 19:19:16] Inserted data for player Kamaldeen with timestamp 2024-11-03 19:19:16
[2024-11-03 19:19:16] Inserted data for player Lallana with timestamp 2024-11-03 19:19:16
[2024-11-03 19:19:16] Inserted data for player Larios with timestamp 2024-11-03 19:19:16
[2024-11-03 19:19:16] Inserted data for player Lis with timestamp 2024-11-03 19:19:16
[2024-11-03 19:19:16] Inserted data for player Lumley with timestamp 2024-11-03 19:19:16
[2024-11-03 19:19:16] Inserted data for player Manning with timestamp 2024-11-03 19:19:16
[2024-11-03 19:19:16] Inserted data for player Mara with timestamp 2024-11-03 19:19:16
[2024-11-03 19:19:16] Inserted data for player McCarthy with timestamp 2024-11-03 19:19:16
[2024-11-03 19:19:16] Inserted data for player Onuachu with timestamp 2024-11-03 19:19:16
[2024-11-03 19:19:16] Inserted data for player Smallbone with timestamp 2024-11-03 19:19:16
[2024-11-03 19:19:16] Inserted data for player Stephens with timestamp 2024-11-03 19:19:16
[2024-11-03 19:19:16] Inserted data for player Stewart with timestamp 2024-11-03 19:19:16
[2024-11-03 19:19:16] Inserted data for player Sugawara with timestamp 2024-11-03 19:19:16
[2024-11-03 19:19:16] Inserted data for player Taylor with timestamp 2024-11-03 19:19:16
[2024-11-03 19:19:16] Inserted data for player Walker-Peters with timestamp 2024-11-03 19:19:16
[2024-11-03 19:19:16] Inserted data for player Wood with timestamp 2024-11-03 19:19:16
[2024-11-03 19:19:16] Inserted data for player Cornet with timestamp 2024-11-03 19:19:16
[2024-11-03 19:19:16] Inserted data for player Downes with timestamp 2024-11-03 19:19:16
[2024-11-03 19:19:16] Inserted data for player Brereton Díaz with timestamp 2024-11-03 19:19:16
[2024-11-03 19:19:16] Inserted data for player Dibling with timestamp 2024-11-03 19:19:16
[2024-11-03 19:19:16] Inserted data for player M.Fernandes with timestamp 2024-11-03 19:19:16
[2024-11-03 19:19:16] Inserted data for player Solanke with timestamp 2024-11-03 19:19:16
[2024-11-03 19:19:16] Inserted data for player A.Phillips with timestamp 2024-11-03 19:19:16
[2024-11-03 19:19:16] Inserted data for player Austin with timestamp 2024-11-03 19:19:16
[2024-11-03 19:19:16] Inserted data for player Bentancur with timestamp 2024-11-03 19:19:16
[2024-11-03 19:19:16] Inserted data for player Bergvall with timestamp 2024-11-03 19:19:16
[2024-11-03 19:19:16] Inserted data for player Bissouma with timestamp 2024-11-03 19:19:16
[2024-11-03 19:19:16] Inserted data for player Bryan with timestamp 2024-11-03 19:19:16
[2024-11-03 19:19:16] Inserted data for player Davies with timestamp 2024-11-03 19:19:16
[2024-11-03 19:19:16] Inserted data for player Devine with timestamp 2024-11-03 19:19:16
[2024-11-03 19:19:16] Inserted data for player Dragusin with timestamp 2024-11-03 19:19:16
[2024-11-03 19:19:16] Inserted data for player E.Royal with timestamp 2024-11-03 19:19:16
[2024-11-03 19:19:16] Inserted data for player Forster with timestamp 2024-11-03 19:19:16
[2024-11-03 19:19:16] Inserted data for player Gray with timestamp 2024-11-03 19:19:16
[2024-11-03 19:19:16] Inserted data for player Højbjerg with timestamp 2024-11-03 19:19:16
[2024-11-03 19:19:16] Inserted data for player Johnson with timestamp 2024-11-03 19:19:16
[2024-11-03 19:19:16] Inserted data for player Kulusevski with timestamp 2024-11-03 19:19:16
[2024-11-03 19:19:16] Inserted data for player Lo Celso with timestamp 2024-11-03 19:19:16
[2024-11-03 19:19:16] Inserted data for player Maddison with timestamp 2024-11-03 19:19:16
[2024-11-03 19:19:16] Inserted data for player Pedro Porro with timestamp 2024-11-03 19:19:16
[2024-11-03 19:19:16] Inserted data for player Reguilón with timestamp 2024-11-03 19:19:16
[2024-11-03 19:19:16] Inserted data for player Richarlison with timestamp 2024-11-03 19:19:16
[2024-11-03 19:19:16] Inserted data for player Romero with timestamp 2024-11-03 19:19:16
[2024-11-03 19:19:16] Inserted data for player P.M.Sarr with timestamp 2024-11-03 19:19:16
[2024-11-03 19:19:16] Inserted data for player Scarlett with timestamp 2024-11-03 19:19:16
[2024-11-03 19:19:16] Inserted data for player Solomon with timestamp 2024-11-03 19:19:16
[2024-11-03 19:19:16] Inserted data for player Son with timestamp 2024-11-03 19:19:16
[2024-11-03 19:19:16] Inserted data for player Spence with timestamp 2024-11-03 19:19:16
[2024-11-03 19:19:16] Inserted data for player Udogie with timestamp 2024-11-03 19:19:16
[2024-11-03 19:19:16] Inserted data for player Van de Ven with timestamp 2024-11-03 19:19:16
[2024-11-03 19:19:16] Inserted data for player Veliz with timestamp 2024-11-03 19:19:16
[2024-11-03 19:19:16] Inserted data for player Vicario with timestamp 2024-11-03 19:19:16
[2024-11-03 19:19:16] Inserted data for player Werner with timestamp 2024-11-03 19:19:16
[2024-11-03 19:19:16] Inserted data for player Whiteman with timestamp 2024-11-03 19:19:16
[2024-11-03 19:19:16] Inserted data for player Lankshear with timestamp 2024-11-03 19:19:16
[2024-11-03 19:19:16] Inserted data for player Moore with timestamp 2024-11-03 19:19:16
[2024-11-03 19:19:16] Inserted data for player Odobert with timestamp 2024-11-03 19:19:16
[2024-11-03 19:19:16] Inserted data for player Wan-Bissaka with timestamp 2024-11-03 19:19:16
[2024-11-03 19:19:16] Inserted data for player Álvarez with timestamp 2024-11-03 19:19:16
[2024-11-03 19:19:16] Inserted data for player Antonio with timestamp 2024-11-03 19:19:16
[2024-11-03 19:19:16] Inserted data for player Areola with timestamp 2024-11-03 19:19:16
[2024-11-03 19:19:16] Inserted data for player Bowen with timestamp 2024-11-03 19:19:16
[2024-11-03 19:19:16] Inserted data for player Coufal with timestamp 2024-11-03 19:19:16
[2024-11-03 19:19:16] Inserted data for player Cresswell with timestamp 2024-11-03 19:19:16
[2024-11-03 19:19:16] Inserted data for player Earthy with timestamp 2024-11-03 19:19:16
[2024-11-03 19:19:16] Inserted data for player Emerson with timestamp 2024-11-03 19:19:16
[2024-11-03 19:19:16] Inserted data for player Fabianski with timestamp 2024-11-03 19:19:16
[2024-11-03 19:19:16] Inserted data for player Foderingham with timestamp 2024-11-03 19:19:16
[2024-11-03 19:19:16] Inserted data for player Ings with timestamp 2024-11-03 19:19:16
[2024-11-03 19:19:16] Inserted data for player Kilman with timestamp 2024-11-03 19:19:16
[2024-11-03 19:19:16] Inserted data for player Kudus with timestamp 2024-11-03 19:19:16
[2024-11-03 19:19:16] Inserted data for player L.Guilherme with timestamp 2024-11-03 19:19:16
[2024-11-03 19:19:16] Inserted data for player L.Paquetá with timestamp 2024-11-03 19:19:16
[2024-11-03 19:19:16] Inserted data for player Mavropanos with timestamp 2024-11-03 19:19:16
[2024-11-03 19:19:16] Inserted data for player N.Aguerd with timestamp 2024-11-03 19:19:16
[2024-11-03 19:19:16] Inserted data for player Souček with timestamp 2024-11-03 19:19:16
[2024-11-03 19:19:16] Inserted data for player Zouma with timestamp 2024-11-03 19:19:16
[2024-11-03 19:19:16] Inserted data for player Irving with timestamp 2024-11-03 19:19:16
[2024-11-03 19:19:16] Inserted data for player Summerville with timestamp 2024-11-03 19:19:16
[2024-11-03 19:19:16] Inserted data for player G.Rodríguez with timestamp 2024-11-03 19:19:16
[2024-11-03 19:19:16] Inserted data for player Füllkrug with timestamp 2024-11-03 19:19:16
[2024-11-03 19:19:16] Inserted data for player Todibo with timestamp 2024-11-03 19:19:16
[2024-11-03 19:19:16] Inserted data for player Casey with timestamp 2024-11-03 19:19:16
[2024-11-03 19:19:16] Inserted data for player C.Soler with timestamp 2024-11-03 19:19:16
[2024-11-03 19:19:16] Inserted data for player Johnstone with timestamp 2024-11-03 19:19:16
[2024-11-03 19:19:16] Inserted data for player Aït-Nouri with timestamp 2024-11-03 19:19:16
[2024-11-03 19:19:16] Inserted data for player B.Traore with timestamp 2024-11-03 19:19:16
[2024-11-03 19:19:16] Inserted data for player Bellegarde with timestamp 2024-11-03 19:19:16
[2024-11-03 19:19:16] Inserted data for player Bentley with timestamp 2024-11-03 19:19:16
[2024-11-03 19:19:16] Inserted data for player Chiquinho with timestamp 2024-11-03 19:19:16
[2024-11-03 19:19:16] Inserted data for player Chirewa with timestamp 2024-11-03 19:19:16
[2024-11-03 19:19:16] Inserted data for player Chiwome with timestamp 2024-11-03 19:19:16
[2024-11-03 19:19:16] Inserted data for player Cundle with timestamp 2024-11-03 19:19:16
[2024-11-03 19:19:16] Inserted data for player Cunha with timestamp 2024-11-03 19:19:16
[2024-11-03 19:19:16] Inserted data for player Dawson with timestamp 2024-11-03 19:19:16
[2024-11-03 19:19:16] Inserted data for player Doherty with timestamp 2024-11-03 19:19:16
[2024-11-03 19:19:16] Inserted data for player Doyle with timestamp 2024-11-03 19:19:16
[2024-11-03 19:19:16] Inserted data for player Fábio Silva with timestamp 2024-11-03 19:19:16
[2024-11-03 19:19:16] Inserted data for player Fraser with timestamp 2024-11-03 19:19:16
[2024-11-03 19:19:16] Inserted data for player Gonzalez with timestamp 2024-11-03 19:19:16
[2024-11-03 19:19:16] Inserted data for player Guedes with timestamp 2024-11-03 19:19:16
[2024-11-03 19:19:16] Inserted data for player H.Bueno with timestamp 2024-11-03 19:19:16
[2024-11-03 19:19:16] Inserted data for player Hee Chan with timestamp 2024-11-03 19:19:16
[2024-11-03 19:19:16] Inserted data for player Hodge with timestamp 2024-11-03 19:19:16
[2024-11-03 19:19:16] Inserted data for player Hoever with timestamp 2024-11-03 19:19:16
[2024-11-03 19:19:16] Inserted data for player J.Gomes with timestamp 2024-11-03 19:19:16
[2024-11-03 19:19:16] Inserted data for player José Sá with timestamp 2024-11-03 19:19:16
[2024-11-03 19:19:16] Inserted data for player Kalajdžić with timestamp 2024-11-03 19:19:16
[2024-11-03 19:19:16] Inserted data for player King with timestamp 2024-11-03 19:19:16
[2024-11-03 19:19:16] Inserted data for player Mario Jr. with timestamp 2024-11-03 19:19:16
[2024-11-03 19:19:16] Inserted data for player Mosquera with timestamp 2024-11-03 19:19:16
[2024-11-03 19:19:16] Inserted data for player N.Semedo with timestamp 2024-11-03 19:19:16
[2024-11-03 19:19:16] Inserted data for player Pedro Lima with timestamp 2024-11-03 19:19:16
[2024-11-03 19:19:16] Inserted data for player Podence with timestamp 2024-11-03 19:19:16
[2024-11-03 19:19:16] Inserted data for player R.Gomes with timestamp 2024-11-03 19:19:16
[2024-11-03 19:19:16] Inserted data for player S.Bueno with timestamp 2024-11-03 19:19:16
[2024-11-03 19:19:16] Inserted data for player Sarabia with timestamp 2024-11-03 19:19:16
[2024-11-03 19:19:16] Inserted data for player Strand Larsen with timestamp 2024-11-03 19:19:16
[2024-11-03 19:19:16] Inserted data for player Toti with timestamp 2024-11-03 19:19:16
[2024-11-03 19:19:16] Inserted data for player Meupiyou with timestamp 2024-11-03 19:19:16
[2024-11-03 19:19:16] Inserted data for player André with timestamp 2024-11-03 19:19:16
[2024-11-03 19:19:16] Inserted data for player Forbs with timestamp 2024-11-03 19:19:16
[2024-11-03 19:19:16] Inserted data for player Pond with timestamp 2024-11-03 19:19:16
[2024-11-03 19:19:16] Inserted data for 673 players into the database
[2024-11-03 19:19:16] Data collection completed successfully
